Using pre-set license
Built from '2022.3/release' branch; Version is '2022.3.12f1 (4fe6e059c7ef) revision 5236448'; Using compiler version '192829333'; Build Type 'Release'
OS: 'Windows 10  (10.0.19045) 64bit Core' Language: 'fr' Physical Memory: 16317 MB
BatchMode: 1, IsHumanControllingUs: 0, StartBugReporterOnCrash: 0, Is64bit: 1, IsPro: 1

COMMAND LINE ARGUMENTS:
C:\Program Files\Unity\Hub\Editor\2022.3.12f1\Editor\Unity.exe
-adb2
-batchMode
-noUpm
-name
AssetImportWorker0
-projectPath
C:/Users/massy/The secret of the antidote
-logFile
Logs/AssetImportWorker0.log
-srvPort
60914
Successfully changed project path to: C:/Users/massy/The secret of the antidote
C:/Users/massy/The secret of the antidote
[UnityMemory] Configuration Parameters - Can be set up in boot.config
    "memorysetup-bucket-allocator-granularity=16"
    "memorysetup-bucket-allocator-bucket-count=8"
    "memorysetup-bucket-allocator-block-size=33554432"
    "memorysetup-bucket-allocator-block-count=8"
    "memorysetup-main-allocator-block-size=16777216"
    "memorysetup-thread-allocator-block-size=16777216"
    "memorysetup-gfx-main-allocator-block-size=16777216"
    "memorysetup-gfx-thread-allocator-block-size=16777216"
    "memorysetup-cache-allocator-block-size=4194304"
    "memorysetup-typetree-allocator-block-size=2097152"
    "memorysetup-profiler-bucket-allocator-granularity=16"
    "memorysetup-profiler-bucket-allocator-bucket-count=8"
    "memorysetup-profiler-bucket-allocator-block-size=33554432"
    "memorysetup-profiler-bucket-allocator-block-count=8"
    "memorysetup-profiler-allocator-block-size=16777216"
    "memorysetup-profiler-editor-allocator-block-size=1048576"
    "memorysetup-temp-allocator-size-main=16777216"
    "memorysetup-job-temp-allocator-block-size=2097152"
    "memorysetup-job-temp-allocator-block-size-background=1048576"
    "memorysetup-job-temp-allocator-reduction-small-platforms=262144"
    "memorysetup-allocator-temp-initial-block-size-main=262144"
    "memorysetup-allocator-temp-initial-block-size-worker=262144"
    "memorysetup-temp-allocator-size-background-worker=32768"
    "memorysetup-temp-allocator-size-job-worker=262144"
    "memorysetup-temp-allocator-size-preload-manager=33554432"
    "memorysetup-temp-allocator-size-nav-mesh-worker=65536"
    "memorysetup-temp-allocator-size-audio-worker=65536"
    "memorysetup-temp-allocator-size-cloud-worker=32768"
    "memorysetup-temp-allocator-size-gi-baking-worker=262144"
    "memorysetup-temp-allocator-size-gfx=262144"
Player connection [69080] Host "[IP] 192.168.0.14 [Port] 0 [Flags] 2 [Guid] 3618475629 [EditorId] 3618475629 [Version] 1048832 [Id] WindowsEditor(7,DESKTOP-QSN08PB) [Debug] 1 [PackageName] WindowsEditor [ProjectName] Editor" joined multi-casting on [225.0.0.222:54997]...

Player connection [69080] Host "[IP] 192.168.0.14 [Port] 0 [Flags] 2 [Guid] 3618475629 [EditorId] 3618475629 [Version] 1048832 [Id] WindowsEditor(7,DESKTOP-QSN08PB) [Debug] 1 [PackageName] WindowsEditor [ProjectName] Editor" joined alternative multi-casting on [225.0.0.222:34997]...

[Physics::Module] Initialized MultithreadedJobDispatcher with 5 workers.
Refreshing native plugins compatible for Editor in 10.87 ms, found 3 plugins.
Preloading 0 native plugins for Editor in 0.00 ms.
Initialize engine version: 2022.3.12f1 (4fe6e059c7ef)
[Subsystems] Discovering subsystems at path C:/Program Files/Unity/Hub/Editor/2022.3.12f1/Editor/Data/Resources/UnitySubsystems
[Subsystems] Discovering subsystems at path C:/Users/massy/The secret of the antidote/Assets
GfxDevice: creating device client; threaded=0; jobified=0
Direct3D:
    Version:  Direct3D 11.0 [level 11.1]
    Renderer: NVIDIA GeForce RTX 2060 (ID=0x1f08)
    Vendor:   NVIDIA
    VRAM:     5954 MB
    Driver:   32.0.15.6081
Initialize mono
Mono path[0] = 'C:/Program Files/Unity/Hub/Editor/2022.3.12f1/Editor/Data/Managed'
Mono path[1] = 'C:/Program Files/Unity/Hub/Editor/2022.3.12f1/Editor/Data/MonoBleedingEdge/lib/mono/unityjit-win32'
Mono config path = 'C:/Program Files/Unity/Hub/Editor/2022.3.12f1/Editor/Data/MonoBleedingEdge/etc'
Using monoOptions --debugger-agent=transport=dt_socket,embedding=1,server=y,suspend=n,address=127.0.0.1:56912
Begin MonoManager ReloadAssembly
Registering precompiled unity dll's ...
Register platform support module: C:/Program Files/Unity/Hub/Editor/2022.3.12f1/Editor/Data/PlaybackEngines/WindowsStandaloneSupport/UnityEditor.WindowsStandalone.Extensions.dll
Registered in 0.008912 seconds.
- Loaded All Assemblies, in  0.388 seconds
Native extension for WindowsStandalone target not found
Mono: successfully reloaded assembly
- Finished resetting the current domain, in  0.285 seconds
Domain Reload Profiling: 672ms
	BeginReloadAssembly (113ms)
		ExecutionOrderSort (0ms)
		DisableScriptedObjects (0ms)
		BackupInstance (0ms)
		ReleaseScriptingObjects (0ms)
		CreateAndSetChildDomain (1ms)
	RebuildCommonClasses (35ms)
	RebuildNativeTypeToScriptingClass (12ms)
	initialDomainReloadingComplete (62ms)
	LoadAllAssembliesAndSetupDomain (164ms)
		LoadAssemblies (111ms)
		RebuildTransferFunctionScriptingTraits (0ms)
		AnalyzeDomain (162ms)
			TypeCache.Refresh (160ms)
				TypeCache.ScanAssembly (145ms)
			ScanForSourceGeneratedMonoScriptInfo (0ms)
			ResolveRequiredComponents (0ms)
	FinalizeReload (286ms)
		ReleaseScriptCaches (0ms)
		RebuildScriptCaches (0ms)
		SetupLoadedEditorAssemblies (222ms)
			LogAssemblyErrors (0ms)
			InitializePlatformSupportModulesInManaged (15ms)
			SetLoadedEditorAssemblies (10ms)
			RefreshPlugins (0ms)
			BeforeProcessingInitializeOnLoad (2ms)
			ProcessInitializeOnLoadAttributes (142ms)
			ProcessInitializeOnLoadMethodAttributes (52ms)
			AfterProcessingInitializeOnLoad (0ms)
			EditorAssembliesLoaded (0ms)
		ExecutionOrderSort2 (0ms)
		AwakeInstancesAfterBackupRestoration (0ms)
========================================================================
Worker process is ready to serve import requests
Begin MonoManager ReloadAssembly
- Loaded All Assemblies, in  0.639 seconds
Refreshing native plugins compatible for Editor in 2.93 ms, found 3 plugins.
Native extension for WindowsStandalone target not found
Package Manager log level set to [2]
[Package Manager] Server::EnsureServerProcessIsRunning -- launch failed, reason: Unity was launched with the -noUpm command-line argument
[Package Manager] UpmClient::Send -- Unable to send message (not connected to UPM process).
[Package Manager] Cannot connect to Unity Package Manager local server
Mono: successfully reloaded assembly
- Finished resetting the current domain, in  0.561 seconds
Domain Reload Profiling: 1198ms
	BeginReloadAssembly (153ms)
		ExecutionOrderSort (0ms)
		DisableScriptedObjects (5ms)
		BackupInstance (0ms)
		ReleaseScriptingObjects (0ms)
		CreateAndSetChildDomain (21ms)
	RebuildCommonClasses (34ms)
	RebuildNativeTypeToScriptingClass (11ms)
	initialDomainReloadingComplete (44ms)
	LoadAllAssembliesAndSetupDomain (394ms)
		LoadAssemblies (303ms)
		RebuildTransferFunctionScriptingTraits (0ms)
		AnalyzeDomain (181ms)
			TypeCache.Refresh (161ms)
				TypeCache.ScanAssembly (147ms)
			ScanForSourceGeneratedMonoScriptInfo (14ms)
			ResolveRequiredComponents (5ms)
	FinalizeReload (562ms)
		ReleaseScriptCaches (0ms)
		RebuildScriptCaches (0ms)
		SetupLoadedEditorAssemblies (411ms)
			LogAssemblyErrors (0ms)
			InitializePlatformSupportModulesInManaged (6ms)
			SetLoadedEditorAssemblies (3ms)
			RefreshPlugins (0ms)
			BeforeProcessingInitializeOnLoad (59ms)
			ProcessInitializeOnLoadAttributes (309ms)
			ProcessInitializeOnLoadMethodAttributes (26ms)
			AfterProcessingInitializeOnLoad (7ms)
			EditorAssembliesLoaded (0ms)
		ExecutionOrderSort2 (0ms)
		AwakeInstancesAfterBackupRestoration (7ms)
Launched and connected shader compiler UnityShaderCompiler.exe after 0.06 seconds
Refreshing native plugins compatible for Editor in 3.98 ms, found 3 plugins.
Preloading 0 native plugins for Editor in 0.00 ms.
Unloading 3144 Unused Serialized files (Serialized files now loaded: 0)
Unloading 32 unused Assets / (57.1 KB). Loaded Objects now: 3613.
Memory consumption went from 199.5 MB to 199.4 MB.
Total: 3.365400 ms (FindLiveObjects: 0.311500 ms CreateObjectMapping: 0.263300 ms MarkObjects: 2.648600 ms  DeleteObjects: 0.140400 ms)

AssetImportParameters requested are different than current active one (requested -> active):
  custom:container-demuxer-ogg: 62fdf1f143b41e24485cea50d1cbac27 -> 
  custom:video-decoder-ogg-theora: a1e56fd34408186e4bbccfd4996cb3dc -> 
  custom:framework-win-MediaFoundation: 216162199b28c13a410421893ffa2e32 -> 
  custom:container-demuxer-webm: 4f35f7cbe854078d1ac9338744f61a02 -> 
  custom:container-muxer-webm: aa71ff27fc2769a1b78a27578f13a17b -> 
  custom:video-decoder-webm-vp8: 9c59270c3fd7afecdb556c50c9e8de78 -> 
  custom:AudioImporter_EditorPlatform: d09bf68614088b80899f8185d706f6e7 -> 
  custom:video-encoder-webm-vp8: eb34c28f22e8b96e1ab97ce403110664 -> 
  custom:audio-decoder-ogg-vorbis: bf7c407c2cedff20999df2af8eb42d56 -> 
  custom:audio-encoder-webm-vorbis: bf7c407c2cedff20999df2af8eb42d56 -> 
========================================================================
Received Import Request.
  Time since last request: 100783.779866 seconds.
  path: Assets/prefabs/Key.prefab
  artifactKey: Guid(ffcb13477a823b045831131139f90106) Importer(815301076,1909f56bfc062723c751e8b465ee728b)
Start importing Assets/prefabs/Key.prefab using Guid(ffcb13477a823b045831131139f90106) Importer(815301076,1909f56bfc062723c751e8b465ee728b)  -> (artifact id: '4f3b63c8484c25a0a75fc23495899b10') in 0.185188 seconds
Number of updated asset objects reloaded before import = 0
Number of asset objects unloaded after import = 20
========================================================================
Received Import Request.
  Time since last request: 0.000036 seconds.
  path: Assets/prefabs/Fence-01.fbx
  artifactKey: Guid(51a3d4cca6a53794c907de6da7a1ed02) Importer(815301076,1909f56bfc062723c751e8b465ee728b)
Start importing Assets/prefabs/Fence-01.fbx using Guid(51a3d4cca6a53794c907de6da7a1ed02) Importer(815301076,1909f56bfc062723c751e8b465ee728b)  -> (artifact id: 'de78bbcb237074ba1707a8d0114b95fd') in 0.139664 seconds
Number of updated asset objects reloaded before import = 0
Number of asset objects unloaded after import = 19
========================================================================
Received Import Request.
  Time since last request: 0.000026 seconds.
  path: Assets/prefabs/FlashLight.prefab
  artifactKey: Guid(354cdc561ad7d4d46a749381a033e551) Importer(815301076,1909f56bfc062723c751e8b465ee728b)
Start importing Assets/prefabs/FlashLight.prefab using Guid(354cdc561ad7d4d46a749381a033e551) Importer(815301076,1909f56bfc062723c751e8b465ee728b)  -> (artifact id: 'c14fd893a2ca241a89a5173f370aa2d3') in 0.002488 seconds
Number of updated asset objects reloaded before import = 0
Number of asset objects unloaded after import = 20
========================================================================
Received Import Request.
  Time since last request: 0.000015 seconds.
  path: Assets/prefabs/FPSPlayer.prefab
  artifactKey: Guid(1ab9c4159df970f41846287677b56af3) Importer(815301076,1909f56bfc062723c751e8b465ee728b)
Start importing Assets/prefabs/FPSPlayer.prefab using Guid(1ab9c4159df970f41846287677b56af3) Importer(815301076,1909f56bfc062723c751e8b465ee728b)  -> (artifact id: 'b1aaeae789baf407d5c5c11b0426097f') in 0.012542 seconds
Number of updated asset objects reloaded before import = 0
Number of asset objects unloaded after import = 72
========================================================================
Received Import Request.
  Time since last request: 0.000016 seconds.
  path: Assets/prefabs/Bambo_House.fbx
  artifactKey: Guid(5c4b5cbfe93f2ef4eaab4d6982398600) Importer(815301076,1909f56bfc062723c751e8b465ee728b)
Start importing Assets/prefabs/Bambo_House.fbx using Guid(5c4b5cbfe93f2ef4eaab4d6982398600) Importer(815301076,1909f56bfc062723c751e8b465ee728b)  -> (artifact id: '942e9be2376c63ed8ad1f2adcd978b78') in 0.178228 seconds
Number of updated asset objects reloaded before import = 0
Number of asset objects unloaded after import = 95
========================================================================
Received Import Request.
  Time since last request: 0.000018 seconds.
  path: Assets/prefabs/rgb.fbx
  artifactKey: Guid(0f623d7e272df19499d690c69fb727cd) Importer(815301076,1909f56bfc062723c751e8b465ee728b)
Start importing Assets/prefabs/rgb.fbx using Guid(0f623d7e272df19499d690c69fb727cd) Importer(815301076,1909f56bfc062723c751e8b465ee728b)  -> (artifact id: '84c0681362a6605a9ef74da8048bd83a') in 0.024750 seconds
Number of updated asset objects reloaded before import = 0
Number of asset objects unloaded after import = 16
========================================================================
Received Import Request.
  Time since last request: 0.000022 seconds.
  path: Assets/prefabs/Canvas.prefab
  artifactKey: Guid(3482279c921e3c2409649d9f21f3a350) Importer(815301076,1909f56bfc062723c751e8b465ee728b)
Start importing Assets/prefabs/Canvas.prefab using Guid(3482279c921e3c2409649d9f21f3a350) Importer(815301076,1909f56bfc062723c751e8b465ee728b)  -> (artifact id: 'c984cd1928dd0e75b4f66b86c5bb9c6d') in 0.045503 seconds
Number of updated asset objects reloaded before import = 0
Number of asset objects unloaded after import = 56
========================================================================
Received Import Request.
  Time since last request: 0.000012 seconds.
  path: Assets/prefabs/3DModel and Light.prefab
  artifactKey: Guid(797566bde017d774299b3f6300863f22) Importer(815301076,1909f56bfc062723c751e8b465ee728b)
Start importing Assets/prefabs/3DModel and Light.prefab using Guid(797566bde017d774299b3f6300863f22) Importer(815301076,1909f56bfc062723c751e8b465ee728b)  -> (artifact id: '57fb1c5c6400fa5bd0a43f78c449d369') in 0.001486 seconds
Number of updated asset objects reloaded before import = 0
Number of asset objects unloaded after import = 12
========================================================================
Received Import Request.
  Time since last request: 0.000040 seconds.
  path: Assets/prefabs/DoorsText1.prefab
  artifactKey: Guid(ccdb13f1a7deadc41a896a556a5472f6) Importer(815301076,1909f56bfc062723c751e8b465ee728b)
Start importing Assets/prefabs/DoorsText1.prefab using Guid(ccdb13f1a7deadc41a896a556a5472f6) Importer(815301076,1909f56bfc062723c751e8b465ee728b)  -> (artifact id: '9f95f67b5918cde845ddb990b5705943') in 0.003898 seconds
Number of updated asset objects reloaded before import = 0
Number of asset objects unloaded after import = 13
========================================================================
Received Import Request.
  Time since last request: 0.000012 seconds.
  path: Assets/prefabs/KeypadObj.prefab
  artifactKey: Guid(8b070ca08ad3e304dbdc85455ecbca51) Importer(815301076,1909f56bfc062723c751e8b465ee728b)
Start importing Assets/prefabs/KeypadObj.prefab using Guid(8b070ca08ad3e304dbdc85455ecbca51) Importer(815301076,1909f56bfc062723c751e8b465ee728b)  -> (artifact id: 'fa60b0a1b0649964b6196789c3e1cc1c') in 0.027269 seconds
Number of updated asset objects reloaded before import = 0
Number of asset objects unloaded after import = 182
========================================================================
Received Import Request.
  Time since last request: 0.000013 seconds.
  path: Assets/prefabs/Game Over.prefab
  artifactKey: Guid(ce9e1373d7fd11144a9f3dc380235c6b) Importer(815301076,1909f56bfc062723c751e8b465ee728b)
Start importing Assets/prefabs/Game Over.prefab using Guid(ce9e1373d7fd11144a9f3dc380235c6b) Importer(815301076,1909f56bfc062723c751e8b465ee728b)  -> (artifact id: '21ba59dabcf6a042edf16067ffdd9da9') in 0.001914 seconds
Number of updated asset objects reloaded before import = 0
Number of asset objects unloaded after import = 15
